<?xml version="1.0" encoding="UTF-8"?>
<!-- Generated by org.testng.reporters.JUnitReportReporter -->
<testsuite skipped="4" hostname="VAIO" name="com.virphy.TestNG.Browser" tests="5" failures="0" timestamp="08 Nov 2017 07:19:46 GMT" time="0.000" errors="1">
  <testcase name="configBrowser" time="0.000" classname="com.virphy.TestNG.Browser">
    <error type="org.testng.TestNGException" message="
Parameter &#039;browser&#039; is required by BeforeClass on method configBrowser but has not been marked @Optional or defined
in C:\Users\Sony\AppData\Local\Temp\testng-eclipse-891575673\testng-customsuite.xml">
      <![CDATA[org.testng.TestNGException: 
Parameter 'browser' is required by BeforeClass on method configBrowser but has not been marked @Optional or defined
in C:\Users\Sony\AppData\Local\Temp\testng-eclipse-891575673\testng-customsuite.xml
	at org.testng.internal.Parameters.createParams(Parameters.java:248)
	at org.testng.internal.Parameters.createParametersForMethod(Parameters.java:286)
	at org.testng.internal.Parameters.createParameters(Parameters.java:547)
	at org.testng.internal.Parameters.createConfigurationParameters(Parameters.java:150)
	at org.testng.internal.Invoker.invokeConfigurations(Invoker.java:206)
	at org.testng.internal.Invoker.invokeConfigurations(Invoker.java:146)
	at org.testng.internal.TestMethodWorker.invokeBeforeClassMethods(TestMethodWorker.java:165)
	at org.testng.internal.TestMethodWorker.run(TestMethodWorker.java:105)
	at org.testng.TestRunner.privateRun(TestRunner.java:776)
	at org.testng.TestRunner.run(TestRunner.java:634)
	at org.testng.SuiteRunner.runTest(SuiteRunner.java:425)
	at org.testng.SuiteRunner.runSequentially(SuiteRunner.java:420)
	at org.testng.SuiteRunner.privateRun(SuiteRunner.java:385)
	at org.testng.SuiteRunner.run(SuiteRunner.java:334)
	at org.testng.SuiteRunnerWorker.runSuite(SuiteRunnerWorker.java:52)
	at org.testng.SuiteRunnerWorker.run(SuiteRunnerWorker.java:86)
	at org.testng.TestNG.runSuitesSequentially(TestNG.java:1318)
	at org.testng.TestNG.runSuitesLocally(TestNG.java:1243)
	at org.testng.TestNG.runSuites(TestNG.java:1161)
	at org.testng.TestNG.run(TestNG.java:1129)
	at org.testng.remote.AbstractRemoteTestNG.run(AbstractRemoteTestNG.java:114)
	at org.testng.remote.RemoteTestNG.initAndRun(RemoteTestNG.java:251)
	at org.testng.remote.RemoteTestNG.main(RemoteTestNG.java:77)
]]>
    </error>
  </testcase> <!-- configBrowser -->
  <testcase name="Sandeep" time="0.000" classname="com.virphy.TestNG.Browser">
    <skipped/>
  </testcase> <!-- Sandeep -->
  <testcase name="Ravi" time="0.000" classname="com.virphy.TestNG.Browser">
    <skipped/>
  </testcase> <!-- Ravi -->
  <testcase name="Giddu" time="0.000" classname="com.virphy.TestNG.Browser">
    <skipped/>
  </testcase> <!-- Giddu -->
  <testcase name="Mani" time="0.000" classname="com.virphy.TestNG.Browser">
    <skipped/>
  </testcase> <!-- Mani -->
</testsuite> <!-- com.virphy.TestNG.Browser -->
